<?xml version="1.0" encoding="UTF-8"?>
<testsuite xmlns:xsi="http://www.w3.org/2001/XMLSchema-instance" xsi:noNamespaceSchemaLocation="https://maven.apache.org/surefire/maven-surefire-plugin/xsd/surefire-test-report-3.0.xsd" version="3.0" name="com.example.todo.TodoServletTest" time="0.096" tests="1" errors="1" skipped="0" failures="0">
  <properties>
[...]
</properties>
  <testcase name="testDoPost" classname="com.example.todo.TodoServletTest" time="0.052">
    <error message="Cannot invoke &quot;jakarta.servlet.http.HttpServletRequest.getSession()&quot; because &quot;request&quot; is null" type="java.lang.NullPointerException"><![CDATA[java.lang.NullPointerException: Cannot invoke "jakarta.servlet.http.HttpServletRequest.getSession()" because "request" is null
	at com.example.todo.TodoServlet.doPost(TodoServlet.java:29)
	at com.example.todo.TodoServletTest.testDoPost(TodoServletTest.java:50)
	at java.base/java.lang.reflect.Method.invoke(Method.java:565)
	at java.base/java.util.ArrayList.forEach(ArrayList.java:1604)
	at java.base/java.util.ArrayList.forEach(ArrayList.java:1604)
]]></error>
    <system-out><![CDATA[doPost
]]></system-out>
  </testcase>
</testsuite>